[debug] [2026-07-19T20:50:35.526Z] ----------------------------------------------------------------------
[debug] [2026-07-19T20:50:35.527Z] Command:       /usr/local/bin/node /usr/local/bin/firebase serve
[debug] [2026-07-19T20:50:35.527Z] CLI Version:   13.5.2
[debug] [2026-07-19T20:50:35.527Z] Platform:      linux
[debug] [2026-07-19T20:50:35.527Z] Node Version:  v18.17.1
[debug] [2026-07-19T20:50:35.527Z] Time:          Sun Jul 19 2026 16:50:35 GMT-0400 (Eastern Daylight Time)
[debug] [2026-07-19T20:50:35.527Z] ----------------------------------------------------------------------
[debug] 
[debug] [2026-07-19T20:50:35.562Z] > command requires scopes: ["email","openid","https://www.googleapis.com/auth/cloudplatformprojects.readonly","https://www.googleapis.com/auth/firebase","https://www.googleapis.com/auth/cloud-platform"]
[debug] [2026-07-19T20:50:35.563Z] > authorizing via signed-in user (rmottola68@gmail.com)
[debug] [2026-07-19T20:50:35.563Z] [iam] checking project lpco-web for permissions ["firebase.projects.get"]
[debug] [2026-07-19T20:50:35.563Z] > refreshing access token with scopes: []
[debug] [2026-07-19T20:50:35.564Z] >>> [apiv2][query] POST https://www.googleapis.com/oauth2/v3/token [none]
[debug] [2026-07-19T20:50:35.565Z] >>> [apiv2][body] POST https://www.googleapis.com/oauth2/v3/token [omitted]
[debug] [2026-07-19T20:50:35.685Z] <<< [apiv2][status] POST https://www.googleapis.com/oauth2/v3/token 400
[debug] [2026-07-19T20:50:35.685Z] <<< [apiv2][body] POST https://www.googleapis.com/oauth2/v3/token [omitted]
[debug] [2026-07-19T20:50:35.686Z] >>> [apiv2][query] POST https://cloudresourcemanager.googleapis.com/v1/projects/lpco-web:testIamPermissions [none]
[debug] [2026-07-19T20:50:35.686Z] >>> [apiv2][(partial)header] POST https://cloudresourcemanager.googleapis.com/v1/projects/lpco-web:testIamPermissions x-goog-quota-user=projects/lpco-web
[debug] [2026-07-19T20:50:35.686Z] >>> [apiv2][body] POST https://cloudresourcemanager.googleapis.com/v1/projects/lpco-web:testIamPermissions {"permissions":["firebase.projects.get"]}
[debug] [2026-07-19T20:50:35.835Z] <<< [apiv2][status] POST https://cloudresourcemanager.googleapis.com/v1/projects/lpco-web:testIamPermissions 401
[debug] [2026-07-19T20:50:35.835Z] <<< [apiv2][body] POST https://cloudresourcemanager.googleapis.com/v1/projects/lpco-web:testIamPermissions {"error":{"code":401,"message":"Request had invalid authentication credentials. Expected OAuth 2 access token, login cookie or other valid authentication credential. See https://developers.google.com/identity/sign-in/web/devconsole-project.","status":"UNAUTHENTICATED","details":[{"@type":"type.googleapis.com/google.rpc.ErrorInfo","reason":"ACCESS_TOKEN_TYPE_UNSUPPORTED","metadata":{"service":"cloudresourcemanager.googleapis.com","method":"google.cloudresourcemanager.v1.Projects.TestIamPermissions"}}]}}
[debug] [2026-07-19T20:50:35.836Z] [iam] error while checking permissions, command may fail: FirebaseError: HTTP Error: 401, Request had invalid authentication credentials. Expected OAuth 2 access token, login cookie or other valid authentication credential. See https://developers.google.com/identity/sign-in/web/devconsole-project.
[debug] [2026-07-19T20:50:35.836Z] > refreshing access token with scopes: []
[debug] [2026-07-19T20:50:35.836Z] >>> [apiv2][query] POST https://www.googleapis.com/oauth2/v3/token [none]
[debug] [2026-07-19T20:50:35.836Z] >>> [apiv2][body] POST https://www.googleapis.com/oauth2/v3/token [omitted]
[debug] [2026-07-19T20:50:35.904Z] <<< [apiv2][status] POST https://www.googleapis.com/oauth2/v3/token 400
[debug] [2026-07-19T20:50:35.904Z] <<< [apiv2][body] POST https://www.googleapis.com/oauth2/v3/token [omitted]
[debug] [2026-07-19T20:50:35.904Z] >>> [apiv2][query] GET https://firebase.googleapis.com/v1beta1/projects/lpco-web [none]
[debug] [2026-07-19T20:50:35.968Z] <<< [apiv2][status] GET https://firebase.googleapis.com/v1beta1/projects/lpco-web 401
[debug] [2026-07-19T20:50:35.968Z] <<< [apiv2][body] GET https://firebase.googleapis.com/v1beta1/projects/lpco-web {"error":{"code":401,"message":"Request had invalid authentication credentials. Expected OAuth 2 access token, login cookie or other valid authentication credential. See https://developers.google.com/identity/sign-in/web/devconsole-project.","status":"UNAUTHENTICATED"}}
[debug] [2026-07-19T20:50:35.968Z] HTTP Error: 401, Request had invalid authentication credentials. Expected OAuth 2 access token, login cookie or other valid authentication credential. See https://developers.google.com/identity/sign-in/web/devconsole-project.
[debug] [2026-07-19T20:50:35.968Z] FirebaseError: HTTP Error: 401, Request had invalid authentication credentials. Expected OAuth 2 access token, login cookie or other valid authentication credential. See https://developers.google.com/identity/sign-in/web/devconsole-project.
    at responseToError (/usr/local/lib/node_modules/firebase-tools/lib/responseToError.js:49:12)
    at RetryOperation._fn (/usr/local/lib/node_modules/firebase-tools/lib/apiv2.js:297:77)
    at process.processTicksAndRejections (node:internal/process/task_queues:95:5)
[error] 
[error] Error: Failed to get Firebase project lpco-web. Please make sure the project exists and your account has permission to access it.
